f:\c++vc\followthechero\chernoengine\hazel\bin-int\debug--x86_64\hazel\vc142.pdb
f:\c++vc\followthechero\chernoengine\hazel\bin-int\debug--x86_64\hazel\vc142.idb
f:\c++vc\followthechero\chernoengine\hazel\bin-int\debug--x86_64\hazel\windowswindow.obj
f:\c++vc\followthechero\chernoengine\hazel\bin-int\debug--x86_64\hazel\application.obj
f:\c++vc\followthechero\chernoengine\hazel\bin-int\debug--x86_64\hazel\log.obj
f:\c++vc\followthechero\chernoengine\hazel\bin-int\debug--x86_64\hazel\hazel.pch
f:\c++vc\followthechero\chernoengine\hazel\bin-int\debug--x86_64\hazel\hzpch.obj
f:\c++vc\followthechero\chernoengine\hazel\bin-int\debug--x86_64\hazel\layerstack.obj
f:\c++vc\followthechero\chernoengine\hazel\bin-int\debug--x86_64\hazel\layer.obj
f:\c++vc\followthechero\chernoengine\hazel\bin\debug--x86_64\hazel\hazel.lib
f:\c++vc\followthechero\chernoengine\hazel\bin\debug--x86_64\hazel\hazel.exp
f:\c++vc\followthechero\chernoengine\hazel\bin\debug--x86_64\hazel\hazel.dll
f:\c++vc\followthechero\chernoengine\hazel\bin\debug--x86_64\hazel\hazel.ilk
f:\c++vc\followthechero\chernoengine\hazel\bin\debug--x86_64\hazel\hazel.pdb
f:\c++vc\followthechero\chernoengine\hazel\hazel\..\bin\debug--x86_64\hazel\hazel.dll
f:\c++vc\followthechero\chernoengine\hazel\bin-int\debug--x86_64\hazel\hazel.tlog\cl.command.1.tlog
f:\c++vc\followthechero\chernoengine\hazel\bin-int\debug--x86_64\hazel\hazel.tlog\cl.read.1.tlog
f:\c++vc\followthechero\chernoengine\hazel\bin-int\debug--x86_64\hazel\hazel.tlog\cl.write.1.tlog
f:\c++vc\followthechero\chernoengine\hazel\bin-int\debug--x86_64\hazel\hazel.tlog\hazel.write.1u.tlog
f:\c++vc\followthechero\chernoengine\hazel\bin-int\debug--x86_64\hazel\hazel.tlog\link.10584.delete.1.tlog
f:\c++vc\followthechero\chernoengine\hazel\bin-int\debug--x86_64\hazel\hazel.tlog\link.19308.delete.1.tlog
f:\c++vc\followthechero\chernoengine\hazel\bin-int\debug--x86_64\hazel\hazel.tlog\link.36684.delete.1.tlog
f:\c++vc\followthechero\chernoengine\hazel\bin-int\debug--x86_64\hazel\hazel.tlog\link.command.1.tlog
f:\c++vc\followthechero\chernoengine\hazel\bin-int\debug--x86_64\hazel\hazel.tlog\link.read.1.tlog
f:\c++vc\followthechero\chernoengine\hazel\bin-int\debug--x86_64\hazel\hazel.tlog\link.write.1.tlog
